<?xml version="1.0" encoding="UTF-8"?>
<!-- Generated by org.testng.reporters.JUnitReportReporter -->
<testsuite skipped="0" hostname="LAPTOP-D4SH1TUS" name="com.automation.testcase.SampleTestcase_1" tests="3" failures="0" timestamp="26 Dec 2020 17:45:06 GMT" time="18.390" errors="0">
  <testcase name="test" time="6.303" classname="com.automation.testcase.SampleTestcase_1"/>
  <testcase name="test" time="5.920" classname="com.automation.testcase.SampleTestcase_1"/>
  <testcase name="test" time="6.167" classname="com.automation.testcase.SampleTestcase_1"/>
</testsuite> <!-- com.automation.testcase.SampleTestcase_1 -->
