<?xml version="1.0" encoding="UTF-8"?>
<!-- Generated by org.testng.reporters.JUnitReportReporter -->
<testsuite skipped="0" hostname="LAPTOP-D4SH1TUS" name="com.automation.testcase.SampleTestcase_1" tests="3" failures="0" timestamp="2020-12-27T12:11:44 CST" time="27.955" errors="0">
  <testcase name="test" time="12.480" classname="com.automation.testcase.SampleTestcase_1"/>
  <testcase name="test" time="6.384" classname="com.automation.testcase.SampleTestcase_1"/>
  <testcase name="test" time="9.091" classname="com.automation.testcase.SampleTestcase_1"/>
</testsuite> <!-- com.automation.testcase.SampleTestcase_1 -->
